<?xml version="1.0" encoding="UTF-8"?>
<testng-results ignored="0" total="1" passed="1" failed="0" skipped="0">
  <reporter-output>
  </reporter-output>
  <suite started-at="2026-05-30T10:52:15 IST" name="Default suite" finished-at="2026-05-30T10:52:38 IST" duration-ms="23443">
    <groups>
    </groups>
    <test started-at="2026-05-30T10:52:15 IST" name="Default test" finished-at="2026-05-30T10:52:38 IST" duration-ms="23443">
      <class name="Com.DemoWebShop_TestScripts.TC001_VerifyUserIsAbleToAddAddressOrNot">
        <test-method is-config="true" signature="beforeSuite()[pri:0, instance:Com.DemoWebShop_TestScripts.TC001_VerifyUserIsAbleToAddAddressOrNot@74e52ef6]" started-at="2026-05-30T10:52:15 IST" name="beforeSuite" finished-at="2026-05-30T10:52:15 IST" duration-ms="11" status="PASS">
          <reporter-output>
          </reporter-output>
        </test-method> <!-- beforeSuite -->
        <test-method is-config="true" signature="beforeTest()[pri:0, instance:Com.DemoWebShop_TestScripts.TC001_VerifyUserIsAbleToAddAddressOrNot@74e52ef6]" started-at="2026-05-30T10:52:15 IST" name="beforeTest" finished-at="2026-05-30T10:52:15 IST" duration-ms="177" status="PASS">
          <reporter-output>
          </reporter-output>
        </test-method> <!-- beforeTest -->
        <test-method is-config="true" signature="beforeClass()[pri:0, instance:Com.DemoWebShop_TestScripts.TC001_VerifyUserIsAbleToAddAddressOrNot@74e52ef6]" started-at="2026-05-30T10:52:15 IST" name="beforeClass" finished-at="2026-05-30T10:52:21 IST" duration-ms="6222" status="PASS">
          <reporter-output>
          </reporter-output>
        </test-method> <!-- beforeClass -->
        <test-method is-config="true" signature="beforeMethod()[pri:0, instance:Com.DemoWebShop_TestScripts.TC001_VerifyUserIsAbleToAddAddressOrNot@74e52ef6]" started-at="2026-05-30T10:52:21 IST" name="beforeMethod" finished-at="2026-05-30T10:52:23 IST" duration-ms="1925" status="PASS">
          <reporter-output>
          </reporter-output>
        </test-method> <!-- beforeMethod -->
        <test-method signature="addAddress()[pri:0, instance:Com.DemoWebShop_TestScripts.TC001_VerifyUserIsAbleToAddAddressOrNot@74e52ef6]" started-at="2026-05-30T10:52:23 IST" name="addAddress" finished-at="2026-05-30T10:52:31 IST" duration-ms="7805" status="PASS">
          <reporter-output>
          </reporter-output>
        </test-method> <!-- addAddress -->
        <test-method is-config="true" signature="AfteMethod()[pri:0, instance:Com.DemoWebShop_TestScripts.TC001_VerifyUserIsAbleToAddAddressOrNot@74e52ef6]" started-at="2026-05-30T10:52:31 IST" name="AfteMethod" finished-at="2026-05-30T10:52:35 IST" duration-ms="3960" status="PASS">
          <reporter-output>
          </reporter-output>
        </test-method> <!-- AfteMethod -->
        <test-method is-config="true" signature="afterClass()[pri:0, instance:Com.DemoWebShop_TestScripts.TC001_VerifyUserIsAbleToAddAddressOrNot@74e52ef6]" started-at="2026-05-30T10:52:35 IST" name="afterClass" finished-at="2026-05-30T10:52:38 IST" duration-ms="3309" status="PASS">
          <reporter-output>
          </reporter-output>
        </test-method> <!-- afterClass -->
        <test-method is-config="true" signature="afterTest()[pri:0, instance:Com.DemoWebShop_TestScripts.TC001_VerifyUserIsAbleToAddAddressOrNot@74e52ef6]" started-at="2026-05-30T10:52:38 IST" name="afterTest" finished-at="2026-05-30T10:52:38 IST" duration-ms="0" status="PASS">
          <reporter-output>
          </reporter-output>
        </test-method> <!-- afterTest -->
        <test-method is-config="true" signature="afterSuite()[pri:0, instance:Com.DemoWebShop_TestScripts.TC001_VerifyUserIsAbleToAddAddressOrNot@74e52ef6]" started-at="2026-05-30T10:52:38 IST" name="afterSuite" finished-at="2026-05-30T10:52:38 IST" duration-ms="1" status="PASS">
          <reporter-output>
          </reporter-output>
        </test-method> <!-- afterSuite -->
      </class> <!-- Com.DemoWebShop_TestScripts.TC001_VerifyUserIsAbleToAddAddressOrNot -->
    </test> <!-- Default test -->
  </suite> <!-- Default suite -->
</testng-results>
