<?xml version="1.0" encoding="UTF-8"?>
<!-- Generated by org.testng.reporters.JUnitReportReporter -->
<testsuite hostname="Leo" failures="0" tests="1" name="Com.DemoWebShop_TestScripts.TC001_VerifyUserIsAbleToAddAddressOrNot" time="13.690" errors="0" timestamp="2026-05-30T10:52:38 IST" skipped="0">
  <testcase classname="Com.DemoWebShop_TestScripts.TC001_VerifyUserIsAbleToAddAddressOrNot" name="addAddress" time="13.690"/>
</testsuite> <!-- Com.DemoWebShop_TestScripts.TC001_VerifyUserIsAbleToAddAddressOrNot -->
